{"/home/wilfried/Bureau/Alban/progress-bar/src/components/Barres.vue": {"path":"/home/wilfried/Bureau/Alban/progress-bar/src/components/Barres.vue","statementMap":{"0":{"start":{"line":15,"column":14},"end":{"line":15,"column":null}},"1":{"start":{"line":21,"column":12},"end":{"line":21,"column":18}},"2":{"start":{"line":27,"column":12},"end":{"line":27,"column":18}},"3":{"start":{"line":35,"column":8},"end":{"line":35,"column":15}}},"fnMap":{"0":{"name":"(anonymous_0)","decl":{"start":{"line":20,"column":8},"end":{"line":20,"column":20}},"loc":{"start":{"line":20,"column":22},"end":{"line":24,"column":null}}},"1":{"name":"(anonymous_1)","decl":{"start":{"line":26,"column":8},"end":{"line":26,"column":18}},"loc":{"start":{"line":26,"column":20},"end":{"line":30,"column":null}}},"2":{"name":"(anonymous_2)","decl":{"start":{"line":34,"column":4},"end":{"line":34,"column":11}},"loc":{"start":{"line":34,"column":13},"end":{"line":36,"column":null}}}},"branchMap":{},"s":{"0":1,"1":3,"2":3,"3":3},"f":{"0":3,"1":3,"2":3},"b":{}}
}
